running egg_info
creating build/mypkg/mypkg.egg-info
writing build/mypkg/mypkg.egg-info/PKG-INFO
writing dependency_links to build/mypkg/mypkg.egg-info/dependency_links.txt
writing entry points to build/mypkg/mypkg.egg-info/entry_points.txt
writing requirements to build/mypkg/mypkg.egg-info/requires.txt
writing top-level names to build/mypkg/mypkg.egg-info/top_level.txt
writing manifest file 'build/mypkg/mypkg.egg-info/SOURCES.txt'
reading manifest file 'build/mypkg/mypkg.egg-info/SOURCES.txt'
adding license file 'LICENSE'
writing manifest file 'build/mypkg/mypkg.egg-info/SOURCES.txt'
running build
running build_py
creating /home/naoki/ros2_ws2025/src/mypkg/build/mypkg/build
creating /home/naoki/ros2_ws2025/src/mypkg/build/mypkg/build/lib
creating /home/naoki/ros2_ws2025/src/mypkg/build/mypkg/build/lib/mypkg
copying mypkg/monitor.py -> /home/naoki/ros2_ws2025/src/mypkg/build/mypkg/build/lib/mypkg
copying mypkg/__init__.py -> /home/naoki/ros2_ws2025/src/mypkg/build/mypkg/build/lib/mypkg
copying mypkg/listener_node.py -> /home/naoki/ros2_ws2025/src/mypkg/build/mypkg/build/lib/mypkg
running install
running install_lib
creating /home/naoki/ros2_ws2025/src/mypkg/install/mypkg/lib/python3.12/site-packages/mypkg
copying /home/naoki/ros2_ws2025/src/mypkg/build/mypkg/build/lib/mypkg/monitor.py -> /home/naoki/ros2_ws2025/src/mypkg/install/mypkg/lib/python3.12/site-packages/mypkg
copying /home/naoki/ros2_ws2025/src/mypkg/build/mypkg/build/lib/mypkg/__init__.py -> /home/naoki/ros2_ws2025/src/mypkg/install/mypkg/lib/python3.12/site-packages/mypkg
copying /home/naoki/ros2_ws2025/src/mypkg/build/mypkg/build/lib/mypkg/listener_node.py -> /home/naoki/ros2_ws2025/src/mypkg/install/mypkg/lib/python3.12/site-packages/mypkg
byte-compiling /home/naoki/ros2_ws2025/src/mypkg/install/mypkg/lib/python3.12/site-packages/mypkg/monitor.py to monitor.cpython-312.pyc
byte-compiling /home/naoki/ros2_ws2025/src/mypkg/install/mypkg/lib/python3.12/site-packages/mypkg/__init__.py to __init__.cpython-312.pyc
byte-compiling /home/naoki/ros2_ws2025/src/mypkg/install/mypkg/lib/python3.12/site-packages/mypkg/listener_node.py to listener_node.cpython-312.pyc
running install_data
creating /home/naoki/ros2_ws2025/src/mypkg/install/mypkg/share/ament_index
creating /home/naoki/ros2_ws2025/src/mypkg/install/mypkg/share/ament_index/resource_index
creating /home/naoki/ros2_ws2025/src/mypkg/install/mypkg/share/ament_index/resource_index/packages
copying resource/mypkg -> /home/naoki/ros2_ws2025/src/mypkg/install/mypkg/share/ament_index/resource_index/packages
copying package.xml -> /home/naoki/ros2_ws2025/src/mypkg/install/mypkg/share/mypkg
running install_egg_info
Copying build/mypkg/mypkg.egg-info to /home/naoki/ros2_ws2025/src/mypkg/install/mypkg/lib/python3.12/site-packages/mypkg-0.0.0-py3.12.egg-info
running install_scripts
Installing battery_monitor script to /home/naoki/ros2_ws2025/src/mypkg/install/mypkg/lib/mypkg
Installing warning_listener script to /home/naoki/ros2_ws2025/src/mypkg/install/mypkg/lib/mypkg
writing list of installed files to '/home/naoki/ros2_ws2025/src/mypkg/build/mypkg/install.log'
