[2.196s] Invoking command in '/home/naoki/ros2_ws2025/src/mypkg': PYTHONPATH=/home/naoki/ros2_ws2025/src/mypkg/build/mypkg/prefix_override:/usr/lib/python3/dist-packages/colcon_core/task/python/colcon_distutils_commands:/home/naoki/ros2_ws2025/src/mypkg/install/mypkg/lib/python3.12/site-packages:${PYTHONPATH} /usr/bin/python3 -W ignore:setup.py install is deprecated -W ignore:easy_install command is deprecated setup.py egg_info --egg-base build/mypkg build --build-base /home/naoki/ros2_ws2025/src/mypkg/build/mypkg/build install --record /home/naoki/ros2_ws2025/src/mypkg/build/mypkg/install.log --single-version-externally-managed install_data
[2.474s] running egg_info
[2.475s] creating build/mypkg/mypkg.egg-info
[2.491s] writing build/mypkg/mypkg.egg-info/PKG-INFO
[2.492s] writing dependency_links to build/mypkg/mypkg.egg-info/dependency_links.txt
[2.492s] writing entry points to build/mypkg/mypkg.egg-info/entry_points.txt
[2.492s] writing requirements to build/mypkg/mypkg.egg-info/requires.txt
[2.492s] writing top-level names to build/mypkg/mypkg.egg-info/top_level.txt
[2.493s] writing manifest file 'build/mypkg/mypkg.egg-info/SOURCES.txt'
[2.526s] reading manifest file 'build/mypkg/mypkg.egg-info/SOURCES.txt'
[2.527s] adding license file 'LICENSE'
[2.527s] writing manifest file 'build/mypkg/mypkg.egg-info/SOURCES.txt'
[2.527s] running build
[2.528s] running build_py
[2.528s] creating /home/naoki/ros2_ws2025/src/mypkg/build/mypkg/build
[2.528s] creating /home/naoki/ros2_ws2025/src/mypkg/build/mypkg/build/lib
[2.529s] creating /home/naoki/ros2_ws2025/src/mypkg/build/mypkg/build/lib/mypkg
[2.529s] copying mypkg/monitor.py -> /home/naoki/ros2_ws2025/src/mypkg/build/mypkg/build/lib/mypkg
[2.529s] copying mypkg/__init__.py -> /home/naoki/ros2_ws2025/src/mypkg/build/mypkg/build/lib/mypkg
[2.530s] copying mypkg/listener_node.py -> /home/naoki/ros2_ws2025/src/mypkg/build/mypkg/build/lib/mypkg
[2.530s] running install
[2.536s] running install_lib
[2.553s] creating /home/naoki/ros2_ws2025/src/mypkg/install/mypkg/lib/python3.12/site-packages/mypkg
[2.554s] copying /home/naoki/ros2_ws2025/src/mypkg/build/mypkg/build/lib/mypkg/monitor.py -> /home/naoki/ros2_ws2025/src/mypkg/install/mypkg/lib/python3.12/site-packages/mypkg
[2.554s] copying /home/naoki/ros2_ws2025/src/mypkg/build/mypkg/build/lib/mypkg/__init__.py -> /home/naoki/ros2_ws2025/src/mypkg/install/mypkg/lib/python3.12/site-packages/mypkg
[2.554s] copying /home/naoki/ros2_ws2025/src/mypkg/build/mypkg/build/lib/mypkg/listener_node.py -> /home/naoki/ros2_ws2025/src/mypkg/install/mypkg/lib/python3.12/site-packages/mypkg
[2.555s] byte-compiling /home/naoki/ros2_ws2025/src/mypkg/install/mypkg/lib/python3.12/site-packages/mypkg/monitor.py to monitor.cpython-312.pyc
[2.557s] byte-compiling /home/naoki/ros2_ws2025/src/mypkg/install/mypkg/lib/python3.12/site-packages/mypkg/__init__.py to __init__.cpython-312.pyc
[2.558s] byte-compiling /home/naoki/ros2_ws2025/src/mypkg/install/mypkg/lib/python3.12/site-packages/mypkg/listener_node.py to listener_node.cpython-312.pyc
[2.559s] running install_data
[2.559s] creating /home/naoki/ros2_ws2025/src/mypkg/install/mypkg/share/ament_index
[2.559s] creating /home/naoki/ros2_ws2025/src/mypkg/install/mypkg/share/ament_index/resource_index
[2.560s] creating /home/naoki/ros2_ws2025/src/mypkg/install/mypkg/share/ament_index/resource_index/packages
[2.560s] copying resource/mypkg -> /home/naoki/ros2_ws2025/src/mypkg/install/mypkg/share/ament_index/resource_index/packages
[2.560s] copying package.xml -> /home/naoki/ros2_ws2025/src/mypkg/install/mypkg/share/mypkg
[2.560s] running install_egg_info
[2.579s] Copying build/mypkg/mypkg.egg-info to /home/naoki/ros2_ws2025/src/mypkg/install/mypkg/lib/python3.12/site-packages/mypkg-0.0.0-py3.12.egg-info
[2.580s] running install_scripts
[2.725s] Installing battery_monitor script to /home/naoki/ros2_ws2025/src/mypkg/install/mypkg/lib/mypkg
[2.727s] Installing warning_listener script to /home/naoki/ros2_ws2025/src/mypkg/install/mypkg/lib/mypkg
[2.727s] writing list of installed files to '/home/naoki/ros2_ws2025/src/mypkg/build/mypkg/install.log'
[2.760s] Invoked command in '/home/naoki/ros2_ws2025/src/mypkg' returned '0': PYTHONPATH=/home/naoki/ros2_ws2025/src/mypkg/build/mypkg/prefix_override:/usr/lib/python3/dist-packages/colcon_core/task/python/colcon_distutils_commands:/home/naoki/ros2_ws2025/src/mypkg/install/mypkg/lib/python3.12/site-packages:${PYTHONPATH} /usr/bin/python3 -W ignore:setup.py install is deprecated -W ignore:easy_install command is deprecated setup.py egg_info --egg-base build/mypkg build --build-base /home/naoki/ros2_ws2025/src/mypkg/build/mypkg/build install --record /home/naoki/ros2_ws2025/src/mypkg/build/mypkg/install.log --single-version-externally-managed install_data
