[1.179s] Invoking command in '/home/naoki/ros2_ws2025/src/mypkg': PYTHONPATH=/home/naoki/ros2_ws2025/src/mypkg/build/mypkg/prefix_override:/usr/lib/python3/dist-packages/colcon_core/task/python/colcon_distutils_commands:/home/naoki/ros2_ws2025/src/mypkg/install/mypkg/lib/python3.12/site-packages:${PYTHONPATH} /usr/bin/python3 -W ignore:setup.py install is deprecated -W ignore:easy_install command is deprecated setup.py egg_info --egg-base build/mypkg build --build-base /home/naoki/ros2_ws2025/src/mypkg/build/mypkg/build install --record /home/naoki/ros2_ws2025/src/mypkg/build/mypkg/install.log --single-version-externally-managed install_data
[1.538s] running egg_info
[1.561s] writing build/mypkg/mypkg.egg-info/PKG-INFO
[1.562s] writing dependency_links to build/mypkg/mypkg.egg-info/dependency_links.txt
[1.563s] writing entry points to build/mypkg/mypkg.egg-info/entry_points.txt
[1.563s] writing requirements to build/mypkg/mypkg.egg-info/requires.txt
[1.563s] writing top-level names to build/mypkg/mypkg.egg-info/top_level.txt
[1.609s] reading manifest file 'build/mypkg/mypkg.egg-info/SOURCES.txt'
[1.611s] adding license file 'LICENSE'
[1.611s] writing manifest file 'build/mypkg/mypkg.egg-info/SOURCES.txt'
[1.612s] running build
[1.612s] running build_py
[1.612s] copying mypkg/monitor.py -> /home/naoki/ros2_ws2025/src/mypkg/build/mypkg/build/lib/mypkg
[1.612s] running install
[1.620s] running install_lib
[1.641s] copying /home/naoki/ros2_ws2025/src/mypkg/build/mypkg/build/lib/mypkg/monitor.py -> /home/naoki/ros2_ws2025/src/mypkg/install/mypkg/lib/python3.12/site-packages/mypkg
[1.643s] byte-compiling /home/naoki/ros2_ws2025/src/mypkg/install/mypkg/lib/python3.12/site-packages/mypkg/monitor.py to monitor.cpython-312.pyc
[1.644s] running install_data
[1.645s] running install_egg_info
[1.674s] removing '/home/naoki/ros2_ws2025/src/mypkg/install/mypkg/lib/python3.12/site-packages/mypkg-0.0.0-py3.12.egg-info' (and everything under it)
[1.674s] Copying build/mypkg/mypkg.egg-info to /home/naoki/ros2_ws2025/src/mypkg/install/mypkg/lib/python3.12/site-packages/mypkg-0.0.0-py3.12.egg-info
[1.676s] running install_scripts
[1.846s] Installing battery_monitor script to /home/naoki/ros2_ws2025/src/mypkg/install/mypkg/lib/mypkg
[1.846s] Installing warning_listener script to /home/naoki/ros2_ws2025/src/mypkg/install/mypkg/lib/mypkg
[1.847s] writing list of installed files to '/home/naoki/ros2_ws2025/src/mypkg/build/mypkg/install.log'
[1.897s] Invoked command in '/home/naoki/ros2_ws2025/src/mypkg' returned '0': PYTHONPATH=/home/naoki/ros2_ws2025/src/mypkg/build/mypkg/prefix_override:/usr/lib/python3/dist-packages/colcon_core/task/python/colcon_distutils_commands:/home/naoki/ros2_ws2025/src/mypkg/install/mypkg/lib/python3.12/site-packages:${PYTHONPATH} /usr/bin/python3 -W ignore:setup.py install is deprecated -W ignore:easy_install command is deprecated setup.py egg_info --egg-base build/mypkg build --build-base /home/naoki/ros2_ws2025/src/mypkg/build/mypkg/build install --record /home/naoki/ros2_ws2025/src/mypkg/build/mypkg/install.log --single-version-externally-managed install_data
